<?xml version="1.0" encoding="UTF-8"?>
<!-- Generated by org.testng.reporters.JUnitXMLReporter -->
<testsuite ignored="12" hostname="DESKTOP-6JUGJ4I" failures="0" tests="1" name="TestChrome" time="7.878" errors="0" timestamp="2022-12-02T21:21:29 IST">
  <testcase classname="tests.RegisterPageTest" name="@BeforeMethod initRegisterPage" time="7.043">
    <failure type="org.openqa.selenium.ElementNotInteractableException" message="element not interactable
  (Session info: headless chrome=108.0.5359.72)
Build info: version: &amp;apos;4.4.0&amp;apos;, revision: &amp;apos;e5c75ed026a&amp;apos;
System info: host: &amp;apos;DESKTOP-6JUGJ4I&amp;apos;, ip: &amp;apos;192.168.1.142&amp;apos;, os.name: &amp;apos;Windows 10&amp;apos;, os.arch: &amp;apos;amd64&amp;apos;, os.version: &amp;apos;10.0&amp;apos;, java.version: &amp;apos;11.0.15.1&amp;apos;
Driver info: org.openqa.selenium.chrome.ChromeDriver
Command: [6094c8ecdae42db30f313e9476990035, clickElement {id=af64e603-1a3d-4f23-b8c5-8dcded76e98b}]
Capabilities {acceptInsecureCerts: false, browserName: chrome, browserVersion: 108.0.5359.72, chrome: {chromedriverVersion: 108.0.5359.71 (1e0e3868ee06..., userDataDir: C:\Users\Sachin\AppData\Loc...}, goog:chromeOptions: {debuggerAddress: localhost:60004}, networkConnectionEnabled: false, pageLoadStrategy: normal, platformName: WINDOWS, proxy: Proxy(), se:cdp: ws://localhost:60004/devtoo..., se:cdpVersion: 108.0.5359.72, setWindowRect: true, strictFileInteractability: false, timeouts: {implicit: 0, pageLoad: 300000, script: 30000}, unhandledPromptBehavior: dismiss and notify, webauthn:extension:credBlob: true, webauthn:extension:largeBlob: true, webauthn:virtualAuthenticators: true}
Element: [org.openqa.selenium.remote.RemoteWebElement@d2f916ea -&amp;gt; unknown locator]
Session ID: 6094c8ecdae42db30f313e9476990035">
      <![CDATA[org.openqa.selenium.ElementNotInteractableException: element not interactable
  (Session info: headless chrome=108.0.5359.72)
Build info: version: '4.4.0', revision: 'e5c75ed026a'
System info: host: 'DESKTOP-6JUGJ4I', ip: '192.168.1.142', os.name: 'Windows 10', os.arch: 'amd64', os.version: '10.0', java.version: '11.0.15.1'
Driver info: org.openqa.selenium.chrome.ChromeDriver
Command: [6094c8ecdae42db30f313e9476990035, clickElement {id=af64e603-1a3d-4f23-b8c5-8dcded76e98b}]
Capabilities {acceptInsecureCerts: false, browserName: chrome, browserVersion: 108.0.5359.72, chrome: {chromedriverVersion: 108.0.5359.71 (1e0e3868ee06..., userDataDir: C:\Users\Sachin\AppData\Loc...}, goog:chromeOptions: {debuggerAddress: localhost:60004}, networkConnectionEnabled: false, pageLoadStrategy: normal, platformName: WINDOWS, proxy: Proxy(), se:cdp: ws://localhost:60004/devtoo..., se:cdpVersion: 108.0.5359.72, setWindowRect: true, strictFileInteractability: false, timeouts: {implicit: 0, pageLoad: 300000, script: 30000}, unhandledPromptBehavior: dismiss and notify, webauthn:extension:credBlob: true, webauthn:extension:largeBlob: true, webauthn:virtualAuthenticators: true}
Element: [org.openqa.selenium.remote.RemoteWebElement@d2f916ea -> unknown locator]
Session ID: 6094c8ecdae42db30f313e9476990035
at org.openqa.selenium.remote.codec.w3c.W3CHttpResponseCodec.createException(W3CHttpResponseCodec.java:200)
at org.openqa.selenium.remote.codec.w3c.W3CHttpResponseCodec.decode(W3CHttpResponseCodec.java:133)
at org.openqa.selenium.remote.codec.w3c.W3CHttpResponseCodec.decode(W3CHttpResponseCodec.java:53)
at org.openqa.selenium.remote.HttpCommandExecutor.execute(HttpCommandExecutor.java:184)
at org.openqa.selenium.remote.service.DriverCommandExecutor.invokeExecute(DriverCommandExecutor.java:167)
at org.openqa.selenium.remote.service.DriverCommandExecutor.execute(DriverCommandExecutor.java:142)
at org.openqa.selenium.remote.RemoteWebDriver.execute(RemoteWebDriver.java:547)
at org.openqa.selenium.remote.RemoteWebElement.execute(RemoteWebElement.java:257)
at org.openqa.selenium.remote.RemoteWebElement.click(RemoteWebElement.java:78)
at pages.FirstPage.clickOnSignUp(FirstPage.java:29)
at tests.RegisterPageTest.initRegisterPage(RegisterPageTest.java:36)
at java.base/java.util.ArrayList.forEach(ArrayList.java:1541)
at java.base/java.util.concurrent.FutureTask.run(FutureTask.java:264)
at java.base/java.util.concurrent.ThreadPoolExecutor.runWorker(ThreadPoolExecutor.java:1128)
at java.base/java.util.concurrent.ThreadPoolExecutor$Worker.run(ThreadPoolExecutor.java:628)
at java.base/java.lang.Thread.run(Thread.java:834)
... Removed 26 stack frames]]>
    </failure>
  </testcase> <!-- @BeforeMethod initRegisterPage -->
  <testcase classname="tests.RegisterPageTest" name="@AfterMethod tearDownRegisterPage" time="-1.669996289553E9">
    <skipped/>
  </testcase> <!-- @AfterMethod tearDownRegisterPage -->
  <testcase classname="tests.RegisterPageTest" name="withoutAcceptingTerms" time="0.0">
    <skipped/>
  </testcase> <!-- withoutAcceptingTerms -->
  <testcase classname="tests.RegisterPageTest" name="testFunction2" time="0.0">
    <ignored/>
  </testcase> <!-- testFunction2 -->
  <testcase classname="tests.RegisterPageTest" name="providingShortPassword" time="0.0">
    <ignored/>
  </testcase> <!-- providingShortPassword -->
  <testcase classname="tests.RegisterPageTest" name="testFunction5" time="0.0">
    <ignored/>
  </testcase> <!-- testFunction5 -->
  <testcase classname="tests.RegisterPageTest" name="providingblankUserName" time="0.0">
    <ignored/>
  </testcase> <!-- providingblankUserName -->
  <testcase classname="tests.RegisterPageTest" name="testFunction4" time="0.0">
    <ignored/>
  </testcase> <!-- testFunction4 -->
  <testcase classname="tests.RegisterPageTest" name="testFunction7" time="0.0">
    <ignored/>
  </testcase> <!-- testFunction7 -->
  <testcase classname="tests.RegisterPageTest" name="testFunction6" time="0.0">
    <ignored/>
  </testcase> <!-- testFunction6 -->
  <testcase classname="tests.RegisterPageTest" name="providingValidRegistrationData" time="0.0">
    <ignored/>
  </testcase> <!-- providingValidRegistrationData -->
  <testcase classname="tests.RegisterPageTest" name="providingRegisteredEmail" time="0.0">
    <ignored/>
  </testcase> <!-- providingRegisteredEmail -->
  <testcase classname="tests.RegisterPageTest" name="providingblankEmail" time="0.0">
    <ignored/>
  </testcase> <!-- providingblankEmail -->
  <testcase classname="tests.RegisterPageTest" name="providingBlankPhoneNumber" time="0.0">
    <ignored/>
  </testcase> <!-- providingBlankPhoneNumber -->
  <testcase classname="tests.RegisterPageTest" name="testFunction3" time="0.0">
    <ignored/>
  </testcase> <!-- testFunction3 -->
</testsuite> <!-- TestChrome -->
