<?xml version="1.0" encoding="UTF-8"?>
<!-- Generated by org.testng.reporters.JUnitXMLReporter -->
<testsuite ignored="12" hostname="DESKTOP-6JUGJ4I" failures="0" tests="1" name="TestFireFox" time="9.6" errors="0" timestamp="2022-12-02T21:21:31 IST">
  <testcase classname="tests.RegisterPageTest" name="@BeforeMethod initRegisterPage" time="8.818">
    <failure type="org.openqa.selenium.SessionNotCreatedException" message="Could not start a new session. Response code 500. Message: Error: NS_ERROR_UNKNOWN_HOST
Build info: version: &amp;apos;4.4.0&amp;apos;, revision: &amp;apos;e5c75ed026a&amp;apos;
System info: host: &amp;apos;DESKTOP-6JUGJ4I&amp;apos;, ip: &amp;apos;192.168.1.142&amp;apos;, os.name: &amp;apos;Windows 10&amp;apos;, os.arch: &amp;apos;amd64&amp;apos;, os.version: &amp;apos;10.0&amp;apos;, java.version: &amp;apos;11.0.15.1&amp;apos;
Driver info: org.openqa.selenium.firefox.FirefoxDriver
Command: [null, newSession {capabilities=[Capabilities {acceptInsecureCerts: true, browserName: firefox, moz:debuggerAddress: true, moz:firefoxOptions: {args: [headless]}}], desiredCapabilities=Capabilities {acceptInsecureCerts: true, browserName: firefox, moz:debuggerAddress: true, moz:firefoxOptions: {args: [headless]}}}]">
      <![CDATA[org.openqa.selenium.SessionNotCreatedException: Could not start a new session. Response code 500. Message: Error: NS_ERROR_UNKNOWN_HOST
Build info: version: '4.4.0', revision: 'e5c75ed026a'
System info: host: 'DESKTOP-6JUGJ4I', ip: '192.168.1.142', os.name: 'Windows 10', os.arch: 'amd64', os.version: '10.0', java.version: '11.0.15.1'
Driver info: org.openqa.selenium.firefox.FirefoxDriver
Command: [null, newSession {capabilities=[Capabilities {acceptInsecureCerts: true, browserName: firefox, moz:debuggerAddress: true, moz:firefoxOptions: {args: [headless]}}], desiredCapabilities=Capabilities {acceptInsecureCerts: true, browserName: firefox, moz:debuggerAddress: true, moz:firefoxOptions: {args: [headless]}}}]
at org.openqa.selenium.remote.ProtocolHandshake.createSession(ProtocolHandshake.java:144)
at org.openqa.selenium.remote.ProtocolHandshake.createSession(ProtocolHandshake.java:102)
at org.openqa.selenium.remote.ProtocolHandshake.createSession(ProtocolHandshake.java:67)
at org.openqa.selenium.remote.HttpCommandExecutor.execute(HttpCommandExecutor.java:156)
at org.openqa.selenium.remote.service.DriverCommandExecutor.invokeExecute(DriverCommandExecutor.java:167)
at org.openqa.selenium.remote.service.DriverCommandExecutor.execute(DriverCommandExecutor.java:142)
at org.openqa.selenium.remote.RemoteWebDriver.execute(RemoteWebDriver.java:547)
at org.openqa.selenium.remote.RemoteWebDriver.startSession(RemoteWebDriver.java:242)
at org.openqa.selenium.remote.RemoteWebDriver.<init>(RemoteWebDriver.java:157)
at org.openqa.selenium.firefox.FirefoxDriver.<init>(FirefoxDriver.java:110)
at org.openqa.selenium.firefox.FirefoxDriver.<init>(FirefoxDriver.java:98)
at base.BaseClass.initWebdriver(BaseClass.java:90)
at tests.RegisterPageTest.initRegisterPage(RegisterPageTest.java:34)
at java.base/java.util.ArrayList.forEach(ArrayList.java:1541)
at java.base/java.util.concurrent.FutureTask.run(FutureTask.java:264)
at java.base/java.util.concurrent.ThreadPoolExecutor.runWorker(ThreadPoolExecutor.java:1128)
at java.base/java.util.concurrent.ThreadPoolExecutor$Worker.run(ThreadPoolExecutor.java:628)
at java.base/java.lang.Thread.run(Thread.java:834)
... Removed 22 stack frames]]>
    </failure>
  </testcase> <!-- @BeforeMethod initRegisterPage -->
  <testcase classname="tests.RegisterPageTest" name="@AfterMethod tearDownRegisterPage" time="-1.669996291277E9">
    <skipped/>
  </testcase> <!-- @AfterMethod tearDownRegisterPage -->
  <testcase classname="tests.RegisterPageTest" name="withoutAcceptingTerms" time="0.0">
    <skipped/>
  </testcase> <!-- withoutAcceptingTerms -->
  <testcase classname="tests.RegisterPageTest" name="testFunction2" time="0.0">
    <ignored/>
  </testcase> <!-- testFunction2 -->
  <testcase classname="tests.RegisterPageTest" name="providingShortPassword" time="0.0">
    <ignored/>
  </testcase> <!-- providingShortPassword -->
  <testcase classname="tests.RegisterPageTest" name="testFunction5" time="0.0">
    <ignored/>
  </testcase> <!-- testFunction5 -->
  <testcase classname="tests.RegisterPageTest" name="providingblankUserName" time="0.0">
    <ignored/>
  </testcase> <!-- providingblankUserName -->
  <testcase classname="tests.RegisterPageTest" name="testFunction4" time="0.0">
    <ignored/>
  </testcase> <!-- testFunction4 -->
  <testcase classname="tests.RegisterPageTest" name="testFunction7" time="0.0">
    <ignored/>
  </testcase> <!-- testFunction7 -->
  <testcase classname="tests.RegisterPageTest" name="testFunction6" time="0.0">
    <ignored/>
  </testcase> <!-- testFunction6 -->
  <testcase classname="tests.RegisterPageTest" name="providingValidRegistrationData" time="0.0">
    <ignored/>
  </testcase> <!-- providingValidRegistrationData -->
  <testcase classname="tests.RegisterPageTest" name="providingRegisteredEmail" time="0.0">
    <ignored/>
  </testcase> <!-- providingRegisteredEmail -->
  <testcase classname="tests.RegisterPageTest" name="providingblankEmail" time="0.0">
    <ignored/>
  </testcase> <!-- providingblankEmail -->
  <testcase classname="tests.RegisterPageTest" name="providingBlankPhoneNumber" time="0.0">
    <ignored/>
  </testcase> <!-- providingBlankPhoneNumber -->
  <testcase classname="tests.RegisterPageTest" name="testFunction3" time="0.0">
    <ignored/>
  </testcase> <!-- testFunction3 -->
</testsuite> <!-- TestFireFox -->
